<?xml version="1.0" encoding="UTF-8"?>
<!-- Generated by org.testng.reporters.JUnitReportReporter -->
<testsuite skipped="0" hostname="LAPTOP-DSNAJO0O" name="accept.TC_10Test" tests="1" failures="0" timestamp="2021-09-14T09:25:09 IST" time="13.606" errors="0">
  <testcase name="accept1" time="13.606" classname="accept.TC_10Test"/>
  <system-out/>
</testsuite> <!-- accept.TC_10Test -->
