<?xml version="1.0" encoding="UTF-8"?>
<!-- Generated by org.testng.reporters.JUnitReportReporter -->
<testsuite skipped="0" hostname="LAPTOP-DSNAJO0O" name="billing.TC_09Test" tests="1" failures="0" timestamp="2021-09-14T09:24:41 IST" time="8.590" errors="0">
  <testcase name="bill" time="8.590" classname="billing.TC_09Test"/>
  <system-out/>
</testsuite> <!-- billing.TC_09Test -->
