<?xml version="1.0" encoding="UTF-8"?>
<!-- Generated by org.testng.reporters.JUnitReportReporter -->
<testsuite skipped="0" hostname="LAPTOP-DSNAJO0O" name="shoppingCart.TC_06Test" tests="1" failures="0" timestamp="2021-09-14T09:23:02 IST" time="5.134" errors="0">
  <testcase name="shopMultiple" time="5.134" classname="shoppingCart.TC_06Test"/>
  <system-out/>
</testsuite> <!-- shoppingCart.TC_06Test -->
