<?xml version="1.0" encoding="UTF-8"?>
<!-- Generated by org.testng.reporters.JUnitReportReporter -->
<testsuite skipped="0" hostname="LAPTOP-DSNAJO0O" name="login.LoginTest" tests="1" failures="0" timestamp="2021-09-11T20:55:17 IST" time="6.778" errors="0">
  <testcase name="login" time="6.778" classname="login.LoginTest"/>
  <system-out/>
</testsuite> <!-- login.LoginTest -->
