<?xml version="1.0" encoding="UTF-8"?>
<!-- Generated by org.testng.reporters.JUnitReportReporter -->
<testsuite skipped="0" hostname="LAPTOP-DSNAJO0O" name="enquiry.TC_11Test" tests="1" failures="0" timestamp="2021-09-14T09:25:28 IST" time="2.898" errors="0">
  <testcase name="enquiry1" time="2.898" classname="enquiry.TC_11Test"/>
  <system-out/>
</testsuite> <!-- enquiry.TC_11Test -->
