<?xml version="1.0" encoding="UTF-8"?>
<!-- Generated by org.testng.reporters.JUnitReportReporter -->
<testsuite skipped="0" hostname="LAPTOP-DSNAJO0O" name="login.TC_03Test" tests="1" failures="0" timestamp="2021-09-14T09:45:00 IST" time="2.931" errors="0">
  <testcase name="login" time="2.931" classname="login.TC_03Test"/>
  <system-out/>
</testsuite> <!-- login.TC_03Test -->
