<?xml version="1.0" encoding="UTF-8"?>
<!-- Generated by org.testng.reporters.JUnitReportReporter -->
<testsuite skipped="0" hostname="LAPTOP-DSNAJO0O" name="shoppingCart.TC_05Test" tests="1" failures="0" timestamp="2021-09-14T09:21:21 IST" time="1.563" errors="0">
  <testcase name="shop" time="1.563" classname="shoppingCart.TC_05Test"/>
  <system-out/>
</testsuite> <!-- shoppingCart.TC_05Test -->
