<?xml version="1.0" encoding="UTF-8"?>
<!-- Generated by org.testng.reporters.JUnitReportReporter -->
<testsuite skipped="0" hostname="LAPTOP-DSNAJO0O" name="login.TC_04Test" tests="1" failures="0" timestamp="2021-09-14T09:46:29 IST" time="1.699" errors="0">
  <testcase name="login1" time="1.699" classname="login.TC_04Test"/>
  <system-out/>
</testsuite> <!-- login.TC_04Test -->
