<?xml version="1.0" encoding="UTF-8"?>
<!-- Generated by org.testng.reporters.JUnitReportReporter -->
<testsuite skipped="0" hostname="LAPTOP-DSNAJO0O" name="registeration.TC_02Test" tests="1" failures="0" timestamp="2021-09-13T17:50:30 IST" time="2.090" errors="0">
  <testcase name="register1" time="2.090" classname="registeration.TC_02Test"/>
  <system-out/>
</testsuite> <!-- registeration.TC_02Test -->
