<?xml version="1.0" encoding="UTF-8"?>
<!-- Generated by org.testng.reporters.JUnitReportReporter -->
<testsuite skipped="0" hostname="LAPTOP-DSNAJO0O" name="registeration.TC_01Test" tests="1" failures="0" timestamp="2021-09-13T17:50:10 IST" time="1.330" errors="0">
  <testcase name="register" time="1.330" classname="registeration.TC_01Test"/>
  <system-out/>
</testsuite> <!-- registeration.TC_01Test -->
