<?xml version="1.0" encoding="UTF-8"?>
<!-- Generated by org.testng.reporters.JUnitReportReporter -->
<testsuite skipped="0" hostname="LAPTOP-DSNAJO0O" name="shoppingCart.TC_08Test" tests="1" failures="0" timestamp="2021-09-14T09:48:04 IST" time="25.211" errors="0">
  <testcase name="removeMultiple" time="25.211" classname="shoppingCart.TC_08Test"/>
  <system-out/>
</testsuite> <!-- shoppingCart.TC_08Test -->
